<?xml version="1.0" encoding="utf-8"?><testsuites name="pytest tests"><testsuite name="pytest" errors="0" failures="0" skipped="0" tests="11" time="28.831" timestamp="2026-05-24T18:18:31.839045+00:00" hostname="agent-env-38d9b8b7-dd55-43ec-b445-2cc777e1b0f0"><testcase classname="backend.tests.test_sottovoce" name="test_root_health" time="0.307" /><testcase classname="backend.tests.test_sottovoce" name="test_languages_returns_12" time="0.058" /><testcase classname="backend.tests.test_sottovoce" name="test_lyrics_endpoint_imagine" time="7.169" /><testcase classname="backend.tests.test_sottovoce" name="test_translate_returns_same_length" time="1.335" /><testcase classname="backend.tests.test_sottovoce.TestManualTrackHistory" name="test_track_manual_imagine" time="10.298" /><testcase classname="backend.tests.test_sottovoce.TestManualTrackHistory" name="test_history_list_contains_track" time="0.061" /><testcase classname="backend.tests.test_sottovoce.TestManualTrackHistory" name="test_history_get_by_id" time="0.052" /><testcase classname="backend.tests.test_sottovoce.TestManualTrackHistory" name="test_history_get_404" time="0.054" /><testcase classname="backend.tests.test_sottovoce.TestManualTrackHistory" name="test_history_delete_single" time="0.137" /><testcase classname="backend.tests.test_sottovoce.TestManualTrackHistory" name="test_history_delete_all" time="9.221" /><testcase classname="backend.tests.test_sottovoce" name="test_recognize_empty_audio" time="0.063" /></testsuite></testsuites>